Arguments: 
  C:\Program Files\nodejs\node.exe C:\Program Files (x86)\Yarn\bin\yarn.js start

PATH: 
  C:\Program Files\Git\mingw64\bin;C:\Program Files\Git\usr\bin;C:\Users\robbo\bin;C:\WINDOWS\system32;C:\WINDOWS;C:\WINDOWS\System32\Wbem;C:\WINDOWS\System32\WindowsPowerShell\v1.0;C:\WINDOWS\System32\OpenSSH;C:\PHP7;C:\ProgramData\ComposerSetup\bin;C:\HashiCorp\Vagrant\bin;C:\Program Files\nodejs;C:\Program Files (x86)\Intel\Intel(R) Management Engine Components\DAL;C:\Program Files\Intel\Intel(R) Management Engine Components\DAL;C:\Program Files\Git\cmd;C:\Program Files\Git\mingw64\bin;C:\Program Files\Git\usr\bin;C:\Program Files (x86)\Yarn\bin;C:\Users\robbo\AppData\Local\Microsoft\WindowsApps;C:\Users\robbo\AppData\Local\Microsoft\WindowsApps;C:\Users\robbo\AppData\Roaming\Composer\vendor\bin;C:\Users\robbo\AppData\Local\Programs\Microsoft VS Code\bin;C:\Users\robbo\AppData\Roaming\Dashlane\6.2.0.12026\bin\Firefox_Extension\{442718d9-475e-452a-b3e1-fb1ee16b8e9f}\components;C:\Users\robbo\AppData\Roaming\Dashlane\6.2.0.12026\ucrt;C:\Users\robbo\AppData\Roaming\Dashlane\6.2.0.12026\bin\Qt;C:\Users\robbo\AppData\Roaming\Dashlane\6.2.0.12026\ucrt;C:\Users\robbo\AppData\Roaming\Dashlane\6.2.0.12026\bin\Ssl;C:\Users\robbo\AppData\Roaming\npm;C:\Users\robbo\AppData\Local\Yarn\bin

Yarn version: 
  1.15.2

Node version: 
  11.4.0

Platform: 
  win32 x64

Trace: 
  TypeError: Cannot use 'in' operator to search for 'start' in node index.js
      at C:\Program Files (x86)\Yarn\lib\cli.js:60420:34
      at Generator.next (<anonymous>)
      at step (C:\Program Files (x86)\Yarn\lib\cli.js:304:30)
      at C:\Program Files (x86)\Yarn\lib\cli.js:322:14
      at new Promise (<anonymous>)
      at new F (C:\Program Files (x86)\Yarn\lib\cli.js:5228:28)
      at C:\Program Files (x86)\Yarn\lib\cli.js:301:12
      at runCommand (C:\Program Files (x86)\Yarn\lib\cli.js:60492:23)
      at Object.<anonymous> (C:\Program Files (x86)\Yarn\lib\cli.js:60591:14)
      at Generator.next (<anonymous>)

npm manifest: 
  {
    "name": "george_garden_sass",
    "version": "1.0.0",
    "description": "Georges Garden Diploma project in SASS",
    "main": "index.js",
    "repository": "https://github.com/Robbozinoz/georges_garden_sass.git",
    "author": "John Robertson",
    "license": "MIT",
    "scripts": "node index.js"
  }

yarn manifest: 
  No manifest

Lockfile: 
  No lockfile
